<?xml version="1.0" encoding="UTF-8"?>
<!-- Generated by org.testng.reporters.JUnitXMLReporter -->
<testsuite ignored="1" hostname="Susmita" failures="0" tests="6" name="Test" time="43.26" errors="0" timestamp="2024-12-14T23:22:23 IST">
  <testcase classname="test.TestClass" name="testLaunchUrl" time="8.583"/>
  <testcase classname="test.TestClass" name="testSingleSelect" time="10.983"/>
  <testcase classname="test.TestClass" name="testComment" time="4.494"/>
  <testcase classname="test.TestClass" name="testSelect" time="0.511"/>
  <testcase classname="test.TestClass" name="testDragNDrop" time="12.753"/>
  <testcase classname="test.TestClass" name="testMatrix" time="5.496"/>
  <testcase classname="test.TestClass" name="testThankYou" time="0.0">
    <ignored/>
  </testcase> <!-- testThankYou -->
</testsuite> <!-- Test -->
