<?xml version="1.0" encoding="UTF-8"?>
<testng-results ignored="0" total="6" passed="6" failed="0" skipped="0">
  <reporter-output>
  </reporter-output>
  <suite started-at="2024-12-14T23:21:40 IST" name="Suite" finished-at="2024-12-14T23:22:23 IST" duration-ms="43260">
    <groups>
    </groups>
    <test started-at="2024-12-14T23:21:40 IST" name="Test" finished-at="2024-12-14T23:22:23 IST" duration-ms="43260">
      <class name="test.TestClass">
        <test-method signature="testLaunchUrl(java.lang.String)[pri:0, instance:test.TestClass@3daf7722]" started-at="2024-12-14T23:21:40 IST" name="testLaunchUrl" finished-at="2024-12-14T23:21:49 IST" duration-ms="8583" status="PASS">
          <params>
            <param index="0">
              <value>
                <![CDATA[chrome@#https://www.questionpro.com/t/AK7ptZqw5N]]>
              </value>
            </param>
          </params>
          <reporter-output>
          </reporter-output>
        </test-method> <!-- testLaunchUrl -->
        <test-method signature="testSingleSelect(java.lang.String)[pri:0, instance:test.TestClass@3daf7722]" started-at="2024-12-14T23:21:49 IST" name="testSingleSelect" finished-at="2024-12-14T23:22:00 IST" duration-ms="10983" status="PASS">
          <params>
            <param index="0">
              <value>
                <![CDATA[SelectedOtherOption]]>
              </value>
            </param>
          </params>
          <reporter-output>
          </reporter-output>
        </test-method> <!-- testSingleSelect -->
        <test-method signature="testComment(java.lang.String)[pri:0, instance:test.TestClass@3daf7722]" started-at="2024-12-14T23:22:00 IST" name="testComment" finished-at="2024-12-14T23:22:04 IST" duration-ms="4494" status="PASS">
          <params>
            <param index="0">
              <value>
                <![CDATA[Samosa@#Orange Juice]]>
              </value>
            </param>
          </params>
          <reporter-output>
          </reporter-output>
        </test-method> <!-- testComment -->
        <test-method signature="testSelect(java.lang.String)[pri:0, instance:test.TestClass@3daf7722]" started-at="2024-12-14T23:22:04 IST" name="testSelect" finished-at="2024-12-14T23:22:05 IST" duration-ms="511" status="PASS">
          <params>
            <param index="0">
              <value>
                <![CDATA[1@#2@#3]]>
              </value>
            </param>
          </params>
          <reporter-output>
          </reporter-output>
        </test-method> <!-- testSelect -->
        <test-method signature="testDragNDrop()[pri:0, instance:test.TestClass@3daf7722]" started-at="2024-12-14T23:22:05 IST" name="testDragNDrop" finished-at="2024-12-14T23:22:18 IST" duration-ms="12753" status="PASS">
          <reporter-output>
          </reporter-output>
        </test-method> <!-- testDragNDrop -->
        <test-method signature="testMatrix(java.lang.String)[pri:0, instance:test.TestClass@3daf7722]" started-at="2024-12-14T23:22:18 IST" name="testMatrix" finished-at="2024-12-14T23:22:23 IST" duration-ms="5496" status="PASS">
          <params>
            <param index="0">
              <value>
                <![CDATA[CommunicationSomewhatComfortable@#AptitudeVeryComfortable@#SkillsetVeryComfortable]]>
              </value>
            </param>
          </params>
          <reporter-output>
          </reporter-output>
        </test-method> <!-- testMatrix -->
        <test-method is-config="true" signature="closeConnection()[pri:0, instance:test.TestClass@3daf7722]" started-at="2024-12-14T23:22:23 IST" name="closeConnection" finished-at="2024-12-14T23:22:23 IST" duration-ms="246" status="PASS">
          <reporter-output>
          </reporter-output>
        </test-method> <!-- closeConnection -->
      </class> <!-- test.TestClass -->
    </test> <!-- Test -->
  </suite> <!-- Suite -->
</testng-results>
